

*******************************************************************************
Sun Apr 12 16:22:46 2015


FIT:    data read from 'data.dat' using (($1)-2.5):-2:(($2)/5):(max(0.5,sqrt($2)))
        format = x:y:z:s
        #datapoints = 386
function used for fitting: f(x,y)
fitted parameters initialized with current variable values



 Iteration 0
 WSSR        : 66.365            delta(WSSR)/WSSR   : 0
 delta(WSSR) : 0                 limit for stopping : 1e-05
 lambda	  : 0.152503

initial set of free parameter values

N_a1            = 148
N_a2            = 181
N_a4            = 191
N_a8            = 221
N_b1            = 7
N_b2            = 10
N_b4            = 17
N_b8            = 20
T_a             = 24
T_b             = 140
N_0             = 0.378462

After 5 iterations the fit converged.
final sum of squares of residuals : 25.8191
rel. change during last iteration : -1.87541e-06

degrees of freedom    (FIT_NDF)                        : 375
rms of residuals      (FIT_STDFIT) = sqrt(WSSR/ndf)    : 0.262395
variance of residuals (reduced chisquare) = WSSR/ndf   : 0.068851

Final set of parameters            Asymptotic Standard Error
=======================            ==========================

N_a1            = 148.121          +/- 6.47         (4.368%)
N_a2            = 159.395          +/- 7.239        (4.542%)
N_a4            = 163.871          +/- 6.865        (4.189%)
N_a8            = 161.933          +/- 7.619        (4.705%)
N_b1            = 5.72917          +/- 1            (17.46%)
N_b2            = 15.3235          +/- 1.274        (8.311%)
N_b4            = 24.5393          +/- 1.933        (7.877%)
N_b8            = 31.7842          +/- 2.179        (6.855%)
T_a             = 26.8839          +/- 0.9179       (3.414%)
T_b             = 138.372          +/- 6.032        (4.359%)
N_0             = 0.120722         +/- 0.02867      (23.75%)


correlation matrix of the fit parameters:

               N_a1   N_a2   N_a4   N_a8   N_b1   N_b2   N_b4   N_b8   T_a    T_b    N_0    
N_a1            1.000 
N_a2            0.472  1.000 
N_a4            0.362  0.422  1.000 
N_a8            0.326  0.386  0.421  1.000 
N_b1            0.193  0.441  0.269  0.234  1.000 
N_b2            0.468  0.181  0.136  0.101  0.595  1.000 
N_b4            0.447  0.335 -0.073  0.022  0.609  0.789  1.000 
N_b8            0.441  0.331  0.055 -0.140  0.600  0.779  0.862  1.000 
T_a            -0.690 -0.667 -0.486 -0.434 -0.717 -0.718 -0.701 -0.692  1.000 
T_b            -0.396 -0.262  0.042  0.075 -0.584 -0.809 -0.919 -0.911  0.637  1.000 
N_0             0.025  0.008 -0.014 -0.041 -0.018  0.034  0.057  0.086 -0.029 -0.165  1.000 


*******************************************************************************
Sun Apr 12 16:22:55 2015


FIT:    data read from 'data.dat' using (($1)-2.5):-2:(($2)/5):(max(0.5,sqrt($2)))
        format = x:y:z:s
        #datapoints = 386
function used for fitting: f(x,y)
fitted parameters initialized with current variable values



 Iteration 0
 WSSR        : 59.9262           delta(WSSR)/WSSR   : 0
 delta(WSSR) : 0                 limit for stopping : 1e-05
 lambda	  : 0.152572

initial set of free parameter values

N_a1            = 148
N_a2            = 181
N_a4            = 191
N_a8            = 221
N_b1            = 7
N_b2            = 10
N_b4            = 17
N_b8            = 20
T_a             = 24
T_b             = 148
N_0             = 0.378462

After 5 iterations the fit converged.
final sum of squares of residuals : 25.8191
rel. change during last iteration : -1.91435e-06

degrees of freedom    (FIT_NDF)                        : 375
rms of residuals      (FIT_STDFIT) = sqrt(WSSR/ndf)    : 0.262395
variance of residuals (reduced chisquare) = WSSR/ndf   : 0.068851

Final set of parameters            Asymptotic Standard Error
=======================            ==========================

N_a1            = 148.12           +/- 6.47         (4.368%)
N_a2            = 159.394          +/- 7.239        (4.542%)
N_a4            = 163.871          +/- 6.865        (4.189%)
N_a8            = 161.933          +/- 7.619        (4.705%)
N_b1            = 5.72908          +/- 1            (17.46%)
N_b2            = 15.3233          +/- 1.274        (8.311%)
N_b4            = 24.539           +/- 1.933        (7.877%)
N_b8            = 31.7839          +/- 2.179        (6.855%)
T_a             = 26.884           +/- 0.9179       (3.414%)
T_b             = 138.373          +/- 6.032        (4.359%)
N_0             = 0.120721         +/- 0.02867      (23.75%)


correlation matrix of the fit parameters:

               N_a1   N_a2   N_a4   N_a8   N_b1   N_b2   N_b4   N_b8   T_a    T_b    N_0    
N_a1            1.000 
N_a2            0.472  1.000 
N_a4            0.362  0.422  1.000 
N_a8            0.326  0.386  0.421  1.000 
N_b1            0.193  0.441  0.269  0.234  1.000 
N_b2            0.468  0.181  0.136  0.101  0.595  1.000 
N_b4            0.447  0.335 -0.073  0.022  0.609  0.789  1.000 
N_b8            0.441  0.331  0.055 -0.140  0.600  0.779  0.862  1.000 
T_a            -0.690 -0.667 -0.486 -0.434 -0.717 -0.718 -0.701 -0.692  1.000 
T_b            -0.396 -0.262  0.042  0.075 -0.584 -0.809 -0.919 -0.911  0.637  1.000 
N_0             0.025  0.008 -0.014 -0.041 -0.018  0.034  0.057  0.086 -0.029 -0.165  1.000 


*******************************************************************************
Sun Apr 12 16:22:59 2015


FIT:    data read from 'data.dat' using (($1)-2.5):-2:(($2)/5):(max(0.5,sqrt($2)))
        format = x:y:z:s
        #datapoints = 386
function used for fitting: f(x,y)
fitted parameters initialized with current variable values



 Iteration 0
 WSSR        : 59.9262           delta(WSSR)/WSSR   : 0
 delta(WSSR) : 0                 limit for stopping : 1e-05
 lambda	  : 0.152572

initial set of free parameter values

N_a1            = 148
N_a2            = 181
N_a4            = 191
N_a8            = 221
N_b1            = 7
N_b2            = 10
N_b4            = 17
N_b8            = 20
T_a             = 24
T_b             = 148
N_0             = 0.378462

After 5 iterations the fit converged.
final sum of squares of residuals : 25.8191
rel. change during last iteration : -1.91435e-06

degrees of freedom    (FIT_NDF)                        : 375
rms of residuals      (FIT_STDFIT) = sqrt(WSSR/ndf)    : 0.262395
variance of residuals (reduced chisquare) = WSSR/ndf   : 0.068851

Final set of parameters            Asymptotic Standard Error
=======================            ==========================

N_a1            = 148.12           +/- 6.47         (4.368%)
N_a2            = 159.394          +/- 7.239        (4.542%)
N_a4            = 163.871          +/- 6.865        (4.189%)
N_a8            = 161.933          +/- 7.619        (4.705%)
N_b1            = 5.72908          +/- 1            (17.46%)
N_b2            = 15.3233          +/- 1.274        (8.311%)
N_b4            = 24.539           +/- 1.933        (7.877%)
N_b8            = 31.7839          +/- 2.179        (6.855%)
T_a             = 26.884           +/- 0.9179       (3.414%)
T_b             = 138.373          +/- 6.032        (4.359%)
N_0             = 0.120721         +/- 0.02867      (23.75%)


correlation matrix of the fit parameters:

               N_a1   N_a2   N_a4   N_a8   N_b1   N_b2   N_b4   N_b8   T_a    T_b    N_0    
N_a1            1.000 
N_a2            0.472  1.000 
N_a4            0.362  0.422  1.000 
N_a8            0.326  0.386  0.421  1.000 
N_b1            0.193  0.441  0.269  0.234  1.000 
N_b2            0.468  0.181  0.136  0.101  0.595  1.000 
N_b4            0.447  0.335 -0.073  0.022  0.609  0.789  1.000 
N_b8            0.441  0.331  0.055 -0.140  0.600  0.779  0.862  1.000 
T_a            -0.690 -0.667 -0.486 -0.434 -0.717 -0.718 -0.701 -0.692  1.000 
T_b            -0.396 -0.262  0.042  0.075 -0.584 -0.809 -0.919 -0.911  0.637  1.000 
N_0             0.025  0.008 -0.014 -0.041 -0.018  0.034  0.057  0.086 -0.029 -0.165  1.000 
